2025-03-04 10:25:03 [restartedMain] INFO  com.accenture.Application - Starting Application using Java 23.0.2 with PID 28900 (C:\Users\dylan.demasse\Downloads\Projet\Projet intelliJ\Projet formation\target\classes started by dylan.demasse in C:\Users\dylan.demasse\Downloads\Projet\Projet intelliJ\Projet formation)
2025-03-04 10:25:03 [restartedMain] DEBUG com.accenture.Application - Running with Spring Boot v3.4.2, Spring v6.2.2
2025-03-04 10:25:03 [restartedMain] INFO  com.accenture.Application - No active profile set, falling back to 1 default profile: "default"
2025-03-04 10:25:16 [restartedMain] INFO  com.accenture.Application - Started Application in 14.664 seconds (process running for 16.498)
2025-03-04 10:25:16 [restartedMain] INFO  com.accenture.Application - Application started
2025-03-04 10:25:16 [restartedMain] DEBUG com.accenture.Application - Debug message
2025-03-04 10:25:16 [restartedMain] ERROR com.accenture.Application - Error message
2025-03-04 11:27:47 [restartedMain] INFO  com.accenture.Application - Starting Application using Java 23.0.2 with PID 34572 (C:\Users\dylan.demasse\Downloads\Projet\Projet intelliJ\Projet formation\target\classes started by dylan.demasse in C:\Users\dylan.demasse\Downloads\Projet\Projet intelliJ\Projet formation)
2025-03-04 11:27:47 [restartedMain] DEBUG com.accenture.Application - Running with Spring Boot v3.4.2, Spring v6.2.2
2025-03-04 11:27:47 [restartedMain] INFO  com.accenture.Application - No active profile set, falling back to 1 default profile: "default"
2025-03-04 11:27:57 [restartedMain] INFO  com.accenture.Application - Started Application in 11.246 seconds (process running for 14.333)
2025-03-04 11:27:57 [restartedMain] INFO  com.accenture.Application - Application started
2025-03-04 11:29:44 [restartedMain] INFO  com.accenture.Application - Starting Application using Java 23.0.2 with PID 34572 (C:\Users\dylan.demasse\Downloads\Projet\Projet intelliJ\Projet formation\target\classes started by dylan.demasse in C:\Users\dylan.demasse\Downloads\Projet\Projet intelliJ\Projet formation)
2025-03-04 11:29:44 [restartedMain] DEBUG com.accenture.Application - Running with Spring Boot v3.4.2, Spring v6.2.2
2025-03-04 11:29:44 [restartedMain] INFO  com.accenture.Application - No active profile set, falling back to 1 default profile: "default"
2025-03-04 11:29:49 [restartedMain] INFO  com.accenture.Application - Starting Application using Java 23.0.2 with PID 34572 (C:\Users\dylan.demasse\Downloads\Projet\Projet intelliJ\Projet formation\target\classes started by dylan.demasse in C:\Users\dylan.demasse\Downloads\Projet\Projet intelliJ\Projet formation)
2025-03-04 11:29:49 [restartedMain] DEBUG com.accenture.Application - Running with Spring Boot v3.4.2, Spring v6.2.2
2025-03-04 11:29:49 [restartedMain] INFO  com.accenture.Application - No active profile set, falling back to 1 default profile: "default"
2025-03-04 11:29:51 [restartedMain] INFO  com.accenture.Application - Started Application in 1.96 seconds (process running for 127.98)
2025-03-04 11:29:51 [restartedMain] INFO  com.accenture.Application - Application started
2025-03-04 11:35:26 [restartedMain] INFO  com.accenture.Application - Starting Application using Java 23.0.2 with PID 17816 (C:\Users\dylan.demasse\Downloads\Projet\Projet intelliJ\Projet formation\target\classes started by dylan.demasse in C:\Users\dylan.demasse\Downloads\Projet\Projet intelliJ\Projet formation)
2025-03-04 11:35:26 [restartedMain] DEBUG com.accenture.Application - Running with Spring Boot v3.4.2, Spring v6.2.2
2025-03-04 11:35:26 [restartedMain] INFO  com.accenture.Application - No active profile set, falling back to 1 default profile: "default"
2025-03-04 11:35:35 [restartedMain] INFO  com.accenture.Application - Started Application in 9.722 seconds (process running for 11.017)
2025-03-04 11:35:35 [restartedMain] INFO  com.accenture.Application - Application started
2025-03-04 11:38:51 [restartedMain] INFO  com.accenture.Application - Starting Application using Java 23.0.2 with PID 24180 (C:\Users\dylan.demasse\Downloads\Projet\Projet intelliJ\Projet formation\target\classes started by dylan.demasse in C:\Users\dylan.demasse\Downloads\Projet\Projet intelliJ\Projet formation)
2025-03-04 11:38:51 [restartedMain] DEBUG com.accenture.Application - Running with Spring Boot v3.4.2, Spring v6.2.2
2025-03-04 11:38:51 [restartedMain] INFO  com.accenture.Application - No active profile set, falling back to 1 default profile: "default"
2025-03-04 11:39:01 [restartedMain] INFO  com.accenture.Application - Started Application in 10.413 seconds (process running for 11.993)
2025-03-04 11:39:01 [restartedMain] INFO  com.accenture.Application - Application started
2025-03-04 11:40:53 [restartedMain] INFO  com.accenture.Application - Starting Application using Java 23.0.2 with PID 29824 (C:\Users\dylan.demasse\Downloads\Projet\Projet intelliJ\Projet formation\target\classes started by dylan.demasse in C:\Users\dylan.demasse\Downloads\Projet\Projet intelliJ\Projet formation)
2025-03-04 11:40:53 [restartedMain] DEBUG com.accenture.Application - Running with Spring Boot v3.4.2, Spring v6.2.2
2025-03-04 11:40:53 [restartedMain] INFO  com.accenture.Application - No active profile set, falling back to 1 default profile: "default"
2025-03-04 11:41:03 [restartedMain] INFO  com.accenture.Application - Started Application in 10.663 seconds (process running for 12.002)
2025-03-04 11:41:03 [restartedMain] INFO  com.accenture.Application - Application started
2025-03-04 11:46:18 [restartedMain] INFO  com.accenture.Application - Starting Application using Java 23.0.2 with PID 29824 (C:\Users\dylan.demasse\Downloads\Projet\Projet intelliJ\Projet formation\target\classes started by dylan.demasse in C:\Users\dylan.demasse\Downloads\Projet\Projet intelliJ\Projet formation)
2025-03-04 11:46:18 [restartedMain] DEBUG com.accenture.Application - Running with Spring Boot v3.4.2, Spring v6.2.2
2025-03-04 11:46:18 [restartedMain] INFO  com.accenture.Application - No active profile set, falling back to 1 default profile: "default"
2025-03-04 11:46:22 [restartedMain] INFO  com.accenture.Application - Started Application in 3.583 seconds (process running for 330.561)
2025-03-04 11:46:22 [restartedMain] INFO  com.accenture.Application - Application started
2025-03-04 11:46:30 [restartedMain] INFO  com.accenture.Application - Starting Application using Java 23.0.2 with PID 29824 (C:\Users\dylan.demasse\Downloads\Projet\Projet intelliJ\Projet formation\target\classes started by dylan.demasse in C:\Users\dylan.demasse\Downloads\Projet\Projet intelliJ\Projet formation)
2025-03-04 11:46:30 [restartedMain] DEBUG com.accenture.Application - Running with Spring Boot v3.4.2, Spring v6.2.2
2025-03-04 11:46:30 [restartedMain] INFO  com.accenture.Application - No active profile set, falling back to 1 default profile: "default"
2025-03-04 11:46:32 [restartedMain] INFO  com.accenture.Application - Started Application in 1.715 seconds (process running for 341.074)
2025-03-04 11:46:32 [restartedMain] INFO  com.accenture.Application - Application started
2025-03-04 12:08:47 [restartedMain] INFO  com.accenture.Application - Starting Application using Java 23.0.2 with PID 30464 (C:\Users\dylan.demasse\Downloads\Projet\Projet intelliJ\Projet formation\target\classes started by dylan.demasse in C:\Users\dylan.demasse\Downloads\Projet\Projet intelliJ\Projet formation)
2025-03-04 12:08:47 [restartedMain] DEBUG com.accenture.Application - Running with Spring Boot v3.4.2, Spring v6.2.2
2025-03-04 12:08:47 [restartedMain] INFO  com.accenture.Application - No active profile set, falling back to 1 default profile: "default"
2025-03-04 12:08:57 [restartedMain] INFO  com.accenture.Application - Started Application in 10.633 seconds (process running for 12.311)
2025-03-04 12:08:57 [restartedMain] INFO  com.accenture.Application - Application started
2025-03-04 12:11:26 [restartedMain] INFO  com.accenture.Application - Starting Application using Java 23.0.2 with PID 2864 (C:\Users\dylan.demasse\Downloads\Projet\Projet intelliJ\Projet formation\target\classes started by dylan.demasse in C:\Users\dylan.demasse\Downloads\Projet\Projet intelliJ\Projet formation)
2025-03-04 12:11:26 [restartedMain] DEBUG com.accenture.Application - Running with Spring Boot v3.4.2, Spring v6.2.2
2025-03-04 12:11:26 [restartedMain] INFO  com.accenture.Application - No active profile set, falling back to 1 default profile: "default"
2025-03-04 12:11:36 [restartedMain] INFO  com.accenture.Application - Started Application in 10.749 seconds (process running for 12.286)
2025-03-04 12:11:36 [restartedMain] INFO  com.accenture.Application - Application started
2025-03-04 12:27:28 [restartedMain] INFO  com.accenture.Application - Starting Application using Java 23.0.2 with PID 31732 (C:\Users\dylan.demasse\Downloads\Projet\Projet intelliJ\Projet formation\target\classes started by dylan.demasse in C:\Users\dylan.demasse\Downloads\Projet\Projet intelliJ\Projet formation)
2025-03-04 12:27:28 [restartedMain] DEBUG com.accenture.Application - Running with Spring Boot v3.4.2, Spring v6.2.2
2025-03-04 12:27:28 [restartedMain] INFO  com.accenture.Application - No active profile set, falling back to 1 default profile: "default"
2025-03-04 12:27:39 [restartedMain] INFO  com.accenture.Application - Started Application in 10.991 seconds (process running for 12.441)
2025-03-04 12:27:39 [restartedMain] INFO  com.accenture.Application - Application started
2025-03-04 13:58:08 [restartedMain] INFO  com.accenture.Application - Starting Application using Java 23.0.2 with PID 31732 (C:\Users\dylan.demasse\Downloads\Projet\Projet intelliJ\Projet formation\target\classes started by dylan.demasse in C:\Users\dylan.demasse\Downloads\Projet\Projet intelliJ\Projet formation)
2025-03-04 13:58:08 [restartedMain] DEBUG com.accenture.Application - Running with Spring Boot v3.4.2, Spring v6.2.2
2025-03-04 13:58:08 [restartedMain] INFO  com.accenture.Application - No active profile set, falling back to 1 default profile: "default"
2025-03-04 13:58:12 [restartedMain] INFO  com.accenture.Application - Started Application in 4.437 seconds (process running for 5446.028)
2025-03-04 13:58:12 [restartedMain] INFO  com.accenture.Application - Application started
2025-03-04 13:58:20 [restartedMain] INFO  com.accenture.Application - Starting Application using Java 23.0.2 with PID 31732 (C:\Users\dylan.demasse\Downloads\Projet\Projet intelliJ\Projet formation\target\classes started by dylan.demasse in C:\Users\dylan.demasse\Downloads\Projet\Projet intelliJ\Projet formation)
2025-03-04 13:58:20 [restartedMain] DEBUG com.accenture.Application - Running with Spring Boot v3.4.2, Spring v6.2.2
2025-03-04 13:58:20 [restartedMain] INFO  com.accenture.Application - No active profile set, falling back to 1 default profile: "default"
2025-03-04 13:58:23 [restartedMain] INFO  com.accenture.Application - Started Application in 2.569 seconds (process running for 5456.451)
2025-03-04 13:58:23 [restartedMain] INFO  com.accenture.Application - Application started
2025-03-04 13:58:28 [http-nio-8080-exec-1] INFO  c.a.service.VehicleServiceImpl - Entering findAllVehicles method
2025-03-04 13:58:28 [http-nio-8080-exec-1] DEBUG c.a.service.VehicleServiceImpl - Fetching all cars from carDao
2025-03-04 13:58:28 [http-nio-8080-exec-1] DEBUG c.a.service.VehicleServiceImpl - Fetching all motorbikes from motorbikeDao
2025-03-04 13:58:28 [http-nio-8080-exec-1] INFO  c.a.service.VehicleServiceImpl - Exiting findAllVehicles method with 0 vehicles found
2025-03-04 13:59:12 [http-nio-8080-exec-5] INFO  c.a.service.VehicleServiceImpl - Entering findAllVehicles method
2025-03-04 13:59:12 [http-nio-8080-exec-5] DEBUG c.a.service.VehicleServiceImpl - Fetching all cars from carDao
2025-03-04 13:59:12 [http-nio-8080-exec-5] DEBUG c.a.service.VehicleServiceImpl - Fetching all motorbikes from motorbikeDao
2025-03-04 13:59:12 [http-nio-8080-exec-5] INFO  c.a.service.VehicleServiceImpl - Exiting findAllVehicles method with 2 vehicles found
2025-03-04 14:41:06 [restartedMain] INFO  com.accenture.Application - Starting Application using Java 23.0.2 with PID 32208 (C:\Users\dylan.demasse\Downloads\Projet\Projet intelliJ\Projet formation\target\classes started by dylan.demasse in C:\Users\dylan.demasse\Downloads\Projet\Projet intelliJ\Projet formation)
2025-03-04 14:41:06 [restartedMain] DEBUG com.accenture.Application - Running with Spring Boot v3.4.2, Spring v6.2.2
2025-03-04 14:41:06 [restartedMain] INFO  com.accenture.Application - No active profile set, falling back to 1 default profile: "default"
2025-03-04 14:41:16 [restartedMain] INFO  com.accenture.Application - Started Application in 10.754 seconds (process running for 13.038)
2025-03-04 14:41:16 [restartedMain] INFO  com.accenture.Application - Application started
2025-03-04 14:43:31 [restartedMain] INFO  com.accenture.Application - Starting Application using Java 23.0.2 with PID 32208 (C:\Users\dylan.demasse\Downloads\Projet\Projet intelliJ\Projet formation\target\classes started by dylan.demasse in C:\Users\dylan.demasse\Downloads\Projet\Projet intelliJ\Projet formation)
2025-03-04 14:43:31 [restartedMain] DEBUG com.accenture.Application - Running with Spring Boot v3.4.2, Spring v6.2.2
2025-03-04 14:43:31 [restartedMain] INFO  com.accenture.Application - No active profile set, falling back to 1 default profile: "default"
2025-03-04 14:43:34 [restartedMain] INFO  com.accenture.Application - Started Application in 2.774 seconds (process running for 150.721)
2025-03-04 14:43:34 [restartedMain] INFO  com.accenture.Application - Application started
2025-03-04 14:43:54 [restartedMain] INFO  com.accenture.Application - Starting Application using Java 23.0.2 with PID 35748 (C:\Users\dylan.demasse\Downloads\Projet\Projet intelliJ\Projet formation\target\classes started by dylan.demasse in C:\Users\dylan.demasse\Downloads\Projet\Projet intelliJ\Projet formation)
2025-03-04 14:43:54 [restartedMain] DEBUG com.accenture.Application - Running with Spring Boot v3.4.2, Spring v6.2.2
2025-03-04 14:43:54 [restartedMain] INFO  com.accenture.Application - No active profile set, falling back to 1 default profile: "default"
2025-03-04 14:44:03 [restartedMain] INFO  com.accenture.Application - Started Application in 10.215 seconds (process running for 11.556)
2025-03-04 14:44:03 [restartedMain] INFO  com.accenture.Application - Application started
2025-03-04 14:45:37 [restartedMain] INFO  com.accenture.Application - Starting Application using Java 23.0.2 with PID 32940 (C:\Users\dylan.demasse\Downloads\Projet\Projet intelliJ\Projet formation\target\classes started by dylan.demasse in C:\Users\dylan.demasse\Downloads\Projet\Projet intelliJ\Projet formation)
2025-03-04 14:45:37 [restartedMain] DEBUG com.accenture.Application - Running with Spring Boot v3.4.2, Spring v6.2.2
2025-03-04 14:45:37 [restartedMain] INFO  com.accenture.Application - No active profile set, falling back to 1 default profile: "default"
2025-03-04 14:45:48 [restartedMain] INFO  com.accenture.Application - Started Application in 10.994 seconds (process running for 13.629)
2025-03-04 14:45:48 [restartedMain] INFO  com.accenture.Application - Application started
2025-03-04 14:47:22 [restartedMain] INFO  com.accenture.Application - Starting Application using Java 23.0.2 with PID 24184 (C:\Users\dylan.demasse\Downloads\Projet\Projet intelliJ\Projet formation\target\classes started by dylan.demasse in C:\Users\dylan.demasse\Downloads\Projet\Projet intelliJ\Projet formation)
2025-03-04 14:47:22 [restartedMain] DEBUG com.accenture.Application - Running with Spring Boot v3.4.2, Spring v6.2.2
2025-03-04 14:47:22 [restartedMain] INFO  com.accenture.Application - No active profile set, falling back to 1 default profile: "default"
2025-03-04 14:47:33 [restartedMain] INFO  com.accenture.Application - Started Application in 11.99 seconds (process running for 13.948)
2025-03-04 14:47:33 [restartedMain] INFO  com.accenture.Application - Application started
2025-03-04 14:56:32 [restartedMain] INFO  com.accenture.Application - Starting Application using Java 23.0.2 with PID 21232 (C:\Users\dylan.demasse\Downloads\Projet\Projet intelliJ\Projet formation\target\classes started by dylan.demasse in C:\Users\dylan.demasse\Downloads\Projet\Projet intelliJ\Projet formation)
2025-03-04 14:56:32 [restartedMain] DEBUG com.accenture.Application - Running with Spring Boot v3.4.2, Spring v6.2.2
2025-03-04 14:56:32 [restartedMain] INFO  com.accenture.Application - No active profile set, falling back to 1 default profile: "default"
2025-03-04 14:56:41 [restartedMain] INFO  com.accenture.Application - Started Application in 9.745 seconds (process running for 10.916)
2025-03-04 14:56:41 [restartedMain] INFO  com.accenture.Application - Application started
2025-03-04 14:57:32 [http-nio-8080-exec-1] INFO  c.a.service.VehicleServiceImpl - Entering findAllVehicles method
2025-03-04 14:57:32 [http-nio-8080-exec-1] DEBUG c.a.service.VehicleServiceImpl - Fetching all cars from carDao
2025-03-04 14:57:33 [http-nio-8080-exec-1] DEBUG c.a.service.VehicleServiceImpl - Fetching all motorbikes from motorbikeDao
2025-03-04 14:57:33 [http-nio-8080-exec-1] INFO  c.a.service.VehicleServiceImpl - Exiting findAllVehicles method with 2 vehicles found
2025-03-04 16:18:29 [restartedMain] INFO  com.accenture.Application - Starting Application using Java 23.0.2 with PID 10516 (C:\Users\dylan.demasse\Downloads\Projet\Projet intelliJ\Projet formation\target\classes started by dylan.demasse in C:\Users\dylan.demasse\Downloads\Projet\Projet intelliJ\Projet formation)
2025-03-04 16:18:29 [restartedMain] DEBUG com.accenture.Application - Running with Spring Boot v3.4.2, Spring v6.2.2
2025-03-04 16:18:29 [restartedMain] INFO  com.accenture.Application - No active profile set, falling back to 1 default profile: "default"
2025-03-04 16:18:40 [restartedMain] INFO  com.accenture.Application - Started Application in 12.063 seconds (process running for 14.764)
2025-03-04 16:18:40 [restartedMain] INFO  com.accenture.Application - Application started
2025-03-04 16:32:34 [http-nio-8080-exec-8] INFO  c.a.service.VehicleServiceImpl - Entering the search method with active=true and outCarPark=null
2025-03-04 16:32:34 [http-nio-8080-exec-8] DEBUG c.a.service.VehicleServiceImpl - Retrieving all cars
2025-03-04 16:32:34 [http-nio-8080-exec-8] DEBUG c.a.service.VehicleServiceImpl - Retrieving all motorcycles
2025-03-04 16:32:34 [http-nio-8080-exec-8] INFO  c.a.service.VehicleServiceImpl - Exiting the search method with 2 vehicles found
2025-03-04 16:32:40 [http-nio-8080-exec-9] INFO  c.a.service.VehicleServiceImpl - Entering the search method with active=false and outCarPark=null
2025-03-04 16:32:40 [http-nio-8080-exec-9] DEBUG c.a.service.VehicleServiceImpl - Retrieving all cars
2025-03-04 16:32:40 [http-nio-8080-exec-9] DEBUG c.a.service.VehicleServiceImpl - Retrieving all motorcycles
2025-03-04 16:32:40 [http-nio-8080-exec-9] INFO  c.a.service.VehicleServiceImpl - Exiting the search method with 2 vehicles found
2025-03-04 16:36:03 [restartedMain] INFO  com.accenture.Application - Starting Application using Java 23.0.2 with PID 14956 (C:\Users\dylan.demasse\Downloads\Projet\Projet intelliJ\Projet formation\target\classes started by dylan.demasse in C:\Users\dylan.demasse\Downloads\Projet\Projet intelliJ\Projet formation)
2025-03-04 16:36:03 [restartedMain] DEBUG com.accenture.Application - Running with Spring Boot v3.4.2, Spring v6.2.2
2025-03-04 16:36:03 [restartedMain] INFO  com.accenture.Application - No active profile set, falling back to 1 default profile: "default"
2025-03-04 16:36:13 [restartedMain] INFO  com.accenture.Application - Started Application in 11.225 seconds (process running for 12.772)
2025-03-04 16:36:13 [restartedMain] INFO  com.accenture.Application - Application started
2025-03-04 16:40:50 [restartedMain] INFO  com.accenture.Application - Starting Application using Java 23.0.2 with PID 12892 (C:\Users\dylan.demasse\Downloads\Projet\Projet intelliJ\Projet formation\target\classes started by dylan.demasse in C:\Users\dylan.demasse\Downloads\Projet\Projet intelliJ\Projet formation)
2025-03-04 16:40:50 [restartedMain] DEBUG com.accenture.Application - Running with Spring Boot v3.4.2, Spring v6.2.2
2025-03-04 16:40:50 [restartedMain] INFO  com.accenture.Application - No active profile set, falling back to 1 default profile: "default"
2025-03-04 16:40:59 [restartedMain] INFO  com.accenture.Application - Started Application in 9.941 seconds (process running for 11.399)
2025-03-04 16:40:59 [restartedMain] INFO  com.accenture.Application - Application started
2025-03-04 16:43:51 [http-nio-8080-exec-5] INFO  c.a.service.VehicleServiceImpl - Entering the search method with active=true and outCarPark=null
2025-03-04 16:43:51 [http-nio-8080-exec-5] DEBUG c.a.service.VehicleServiceImpl - Retrieving all cars
2025-03-04 16:43:51 [http-nio-8080-exec-5] DEBUG c.a.service.VehicleServiceImpl - Retrieving all motorcycles
2025-03-04 16:43:51 [http-nio-8080-exec-5] ERROR c.a.service.VehicleServiceImpl - An exception occurred while searching for all vehicles: Cannot invoke "java.lang.Boolean.equals(Object)" because the return value of "com.accenture.repository.entity.Vehicle.getActive()" is null
java.lang.NullPointerException: Cannot invoke "java.lang.Boolean.equals(Object)" because the return value of "com.accenture.repository.entity.Vehicle.getActive()" is null
	at com.accenture.service.VehicleServiceImpl.lambda$filterVehicles$0(VehicleServiceImpl.java:66)
	at java.base/java.util.stream.ReferencePipeline$2$1.accept(ReferencePipeline.java:196)
	at java.base/java.util.ArrayList$ArrayListSpliterator.forEachRemaining(ArrayList.java:1709)
	at java.base/java.util.stream.AbstractPipeline.copyInto(AbstractPipeline.java:570)
	at java.base/java.util.stream.AbstractPipeline.wrapAndCopyInto(AbstractPipeline.java:560)
	at java.base/java.util.stream.ReduceOps$ReduceOp.evaluateSequential(ReduceOps.java:921)
	at java.base/java.util.stream.AbstractPipeline.evaluate(AbstractPipeline.java:265)
	at java.base/java.util.stream.ReferencePipeline.collect(ReferencePipeline.java:727)
	at com.accenture.service.VehicleServiceImpl.filterVehicles(VehicleServiceImpl.java:67)
	at com.accenture.service.VehicleServiceImpl.search(VehicleServiceImpl.java:56)
	at com.accenture.controller.VehicleController.search(VehicleController.java:31)
	at java.base/jdk.internal.reflect.DirectMethodHandleAccessor.invoke(DirectMethodHandleAccessor.java:103)
	at java.base/java.lang.reflect.Method.invoke(Method.java:580)
	at org.springframework.web.method.support.InvocableHandlerMethod.doInvoke(InvocableHandlerMethod.java:257)
	at org.springframework.web.method.support.InvocableHandlerMethod.invokeForRequest(InvocableHandlerMethod.java:190)
	at org.springframework.web.servlet.mvc.method.annotation.ServletInvocableHandlerMethod.invokeAndHandle(ServletInvocableHandlerMethod.java:118)
	at org.springframework.web.servlet.mvc.method.annotation.RequestMappingHandlerAdapter.invokeHandlerMethod(RequestMappingHandlerAdapter.java:986)
	at org.springframework.web.servlet.mvc.method.annotation.RequestMappingHandlerAdapter.handleInternal(RequestMappingHandlerAdapter.java:891)
	at org.springframework.web.servlet.mvc.method.AbstractHandlerMethodAdapter.handle(AbstractHandlerMethodAdapter.java:87)
	at org.springframework.web.servlet.DispatcherServlet.doDispatch(DispatcherServlet.java:1088)
	at org.springframework.web.servlet.DispatcherServlet.doService(DispatcherServlet.java:978)
	at org.springframework.web.servlet.FrameworkServlet.processRequest(FrameworkServlet.java:1014)
	at org.springframework.web.servlet.FrameworkServlet.doGet(FrameworkServlet.java:903)
	at jakarta.servlet.http.HttpServlet.service(HttpServlet.java:564)
	at org.springframework.web.servlet.FrameworkServlet.service(FrameworkServlet.java:885)
	at jakarta.servlet.http.HttpServlet.service(HttpServlet.java:658)
	at org.apache.catalina.core.ApplicationFilterChain.internalDoFilter(ApplicationFilterChain.java:195)
	at org.apache.catalina.core.ApplicationFilterChain.doFilter(ApplicationFilterChain.java:140)
	at org.apache.tomcat.websocket.server.WsFilter.doFilter(WsFilter.java:51)
	at org.apache.catalina.core.ApplicationFilterChain.internalDoFilter(ApplicationFilterChain.java:164)
	at org.apache.catalina.core.ApplicationFilterChain.doFilter(ApplicationFilterChain.java:140)
	at org.springframework.web.filter.CompositeFilter$VirtualFilterChain.doFilter(CompositeFilter.java:108)
	at org.springframework.security.web.FilterChainProxy.lambda$doFilterInternal$3(FilterChainProxy.java:231)
	at org.springframework.security.web.FilterChainProxy$VirtualFilterChain.doFilter(FilterChainProxy.java:365)
	at org.springframework.security.web.access.intercept.AuthorizationFilter.doFilter(AuthorizationFilter.java:101)
	at org.springframework.security.web.FilterChainProxy$VirtualFilterChain.doFilter(FilterChainProxy.java:374)
	at org.springframework.security.web.access.ExceptionTranslationFilter.doFilter(ExceptionTranslationFilter.java:126)
	at org.springframework.security.web.access.ExceptionTranslationFilter.doFilter(ExceptionTranslationFilter.java:120)
	at org.springframework.security.web.FilterChainProxy$VirtualFilterChain.doFilter(FilterChainProxy.java:374)
	at org.springframework.security.web.authentication.AnonymousAuthenticationFilter.doFilter(AnonymousAuthenticationFilter.java:100)
	at org.springframework.security.web.FilterChainProxy$VirtualFilterChain.doFilter(FilterChainProxy.java:374)
	at org.springframework.security.web.servletapi.SecurityContextHolderAwareRequestFilter.doFilter(SecurityContextHolderAwareRequestFilter.java:179)
	at org.springframework.security.web.FilterChainProxy$VirtualFilterChain.doFilter(FilterChainProxy.java:374)
	at org.springframework.security.web.savedrequest.RequestCacheAwareFilter.doFilter(RequestCacheAwareFilter.java:63)
	at org.springframework.security.web.FilterChainProxy$VirtualFilterChain.doFilter(FilterChainProxy.java:374)
	at org.springframework.security.web.authentication.www.BasicAuthenticationFilter.doFilterInternal(BasicAuthenticationFilter.java:181)
	at org.springframework.web.filter.OncePerRequestFilter.doFilter(OncePerRequestFilter.java:116)
	at org.springframework.security.web.FilterChainProxy$VirtualFilterChain.doFilter(FilterChainProxy.java:374)
	at org.springframework.security.web.authentication.logout.LogoutFilter.doFilter(LogoutFilter.java:107)
	at org.springframework.security.web.authentication.logout.LogoutFilter.doFilter(LogoutFilter.java:93)
	at org.springframework.security.web.FilterChainProxy$VirtualFilterChain.doFilter(FilterChainProxy.java:374)
	at org.springframework.security.web.header.HeaderWriterFilter.doHeadersAfter(HeaderWriterFilter.java:90)
	at org.springframework.security.web.header.HeaderWriterFilter.doFilterInternal(HeaderWriterFilter.java:75)
	at org.springframework.web.filter.OncePerRequestFilter.doFilter(OncePerRequestFilter.java:116)
	at org.springframework.security.web.FilterChainProxy$VirtualFilterChain.doFilter(FilterChainProxy.java:374)
	at org.springframework.security.web.context.SecurityContextHolderFilter.doFilter(SecurityContextHolderFilter.java:82)
	at org.springframework.security.web.context.SecurityContextHolderFilter.doFilter(SecurityContextHolderFilter.java:69)
	at org.springframework.security.web.FilterChainProxy$VirtualFilterChain.doFilter(FilterChainProxy.java:374)
	at org.springframework.security.web.context.request.async.WebAsyncManagerIntegrationFilter.doFilterInternal(WebAsyncManagerIntegrationFilter.java:62)
	at org.springframework.web.filter.OncePerRequestFilter.doFilter(OncePerRequestFilter.java:116)
	at org.springframework.security.web.FilterChainProxy$VirtualFilterChain.doFilter(FilterChainProxy.java:374)
	at org.springframework.security.web.session.DisableEncodeUrlFilter.doFilterInternal(DisableEncodeUrlFilter.java:42)
	at org.springframework.web.filter.OncePerRequestFilter.doFilter(OncePerRequestFilter.java:116)
	at org.springframework.security.web.FilterChainProxy$VirtualFilterChain.doFilter(FilterChainProxy.java:374)
	at org.springframework.security.web.FilterChainProxy.doFilterInternal(FilterChainProxy.java:233)
	at org.springframework.security.web.FilterChainProxy.doFilter(FilterChainProxy.java:191)
	at org.springframework.web.filter.CompositeFilter$VirtualFilterChain.doFilter(CompositeFilter.java:113)
	at org.springframework.web.servlet.handler.HandlerMappingIntrospector.lambda$createCacheFilter$3(HandlerMappingIntrospector.java:243)
	at org.springframework.web.filter.CompositeFilter$VirtualFilterChain.doFilter(CompositeFilter.java:113)
	at org.springframework.web.filter.CompositeFilter.doFilter(CompositeFilter.java:74)
	at org.springframework.security.config.annotation.web.configuration.WebMvcSecurityConfiguration$CompositeFilterChainProxy.doFilter(WebMvcSecurityConfiguration.java:238)
	at org.springframework.web.filter.DelegatingFilterProxy.invokeDelegate(DelegatingFilterProxy.java:362)
	at org.springframework.web.filter.DelegatingFilterProxy.doFilter(DelegatingFilterProxy.java:278)
	at org.apache.catalina.core.ApplicationFilterChain.internalDoFilter(ApplicationFilterChain.java:164)
	at org.apache.catalina.core.ApplicationFilterChain.doFilter(ApplicationFilterChain.java:140)
	at org.springframework.web.filter.RequestContextFilter.doFilterInternal(RequestContextFilter.java:100)
	at org.springframework.web.filter.OncePerRequestFilter.doFilter(OncePerRequestFilter.java:116)
	at org.apache.catalina.core.ApplicationFilterChain.internalDoFilter(ApplicationFilterChain.java:164)
	at org.apache.catalina.core.ApplicationFilterChain.doFilter(ApplicationFilterChain.java:140)
	at org.springframework.web.filter.FormContentFilter.doFilterInternal(FormContentFilter.java:93)
	at org.springframework.web.filter.OncePerRequestFilter.doFilter(OncePerRequestFilter.java:116)
	at org.apache.catalina.core.ApplicationFilterChain.internalDoFilter(ApplicationFilterChain.java:164)
	at org.apache.catalina.core.ApplicationFilterChain.doFilter(ApplicationFilterChain.java:140)
	at org.springframework.web.filter.CharacterEncodingFilter.doFilterInternal(CharacterEncodingFilter.java:201)
	at org.springframework.web.filter.OncePerRequestFilter.doFilter(OncePerRequestFilter.java:116)
	at org.apache.catalina.core.ApplicationFilterChain.internalDoFilter(ApplicationFilterChain.java:164)
	at org.apache.catalina.core.ApplicationFilterChain.doFilter(ApplicationFilterChain.java:140)
	at org.apache.catalina.core.StandardWrapperValve.invoke(StandardWrapperValve.java:167)
	at org.apache.catalina.core.StandardContextValve.invoke(StandardContextValve.java:90)
	at org.apache.catalina.authenticator.AuthenticatorBase.invoke(AuthenticatorBase.java:483)
	at org.apache.catalina.core.StandardHostValve.invoke(StandardHostValve.java:115)
	at org.apache.catalina.valves.ErrorReportValve.invoke(ErrorReportValve.java:93)
	at org.apache.catalina.core.StandardEngineValve.invoke(StandardEngineValve.java:74)
	at org.apache.catalina.connector.CoyoteAdapter.service(CoyoteAdapter.java:344)
	at org.apache.coyote.http11.Http11Processor.service(Http11Processor.java:397)
	at org.apache.coyote.AbstractProcessorLight.process(AbstractProcessorLight.java:63)
	at org.apache.coyote.AbstractProtocol$ConnectionHandler.process(AbstractProtocol.java:905)
	at org.apache.tomcat.util.net.NioEndpoint$SocketProcessor.doRun(NioEndpoint.java:1741)
	at org.apache.tomcat.util.net.SocketProcessorBase.run(SocketProcessorBase.java:52)
	at org.apache.tomcat.util.threads.ThreadPoolExecutor.runWorker(ThreadPoolExecutor.java:1190)
	at org.apache.tomcat.util.threads.ThreadPoolExecutor$Worker.run(ThreadPoolExecutor.java:659)
	at org.apache.tomcat.util.threads.TaskThread$WrappingRunnable.run(TaskThread.java:63)
	at java.base/java.lang.Thread.run(Thread.java:1575)
2025-03-04 16:43:51 [http-nio-8080-exec-5] INFO  c.a.service.VehicleServiceImpl - Exiting the search method with 0 vehicles found
2025-03-04 16:44:33 [http-nio-8080-exec-2] INFO  c.a.service.VehicleServiceImpl - Entering the search method with active=null and outCarPark=true
2025-03-04 16:44:33 [http-nio-8080-exec-2] DEBUG c.a.service.VehicleServiceImpl - Retrieving all cars
2025-03-04 16:44:33 [http-nio-8080-exec-2] DEBUG c.a.service.VehicleServiceImpl - Retrieving all motorcycles
2025-03-04 16:44:33 [http-nio-8080-exec-2] INFO  c.a.service.VehicleServiceImpl - Exiting the search method with 0 vehicles found
2025-03-04 16:44:38 [http-nio-8080-exec-4] INFO  c.a.service.VehicleServiceImpl - Entering the search method with active=null and outCarPark=false
2025-03-04 16:44:38 [http-nio-8080-exec-4] DEBUG c.a.service.VehicleServiceImpl - Retrieving all cars
2025-03-04 16:44:38 [http-nio-8080-exec-4] DEBUG c.a.service.VehicleServiceImpl - Retrieving all motorcycles
2025-03-04 16:44:38 [http-nio-8080-exec-4] INFO  c.a.service.VehicleServiceImpl - Exiting the search method with 1 vehicles found
2025-03-04 16:46:46 [restartedMain] INFO  com.accenture.Application - Starting Application using Java 23.0.2 with PID 21752 (C:\Users\dylan.demasse\Downloads\Projet\Projet intelliJ\Projet formation\target\classes started by dylan.demasse in C:\Users\dylan.demasse\Downloads\Projet\Projet intelliJ\Projet formation)
2025-03-04 16:46:46 [restartedMain] DEBUG com.accenture.Application - Running with Spring Boot v3.4.2, Spring v6.2.2
2025-03-04 16:46:46 [restartedMain] INFO  com.accenture.Application - No active profile set, falling back to 1 default profile: "default"
2025-03-04 16:46:56 [restartedMain] INFO  com.accenture.Application - Started Application in 10.212 seconds (process running for 11.779)
2025-03-04 16:46:56 [restartedMain] INFO  com.accenture.Application - Application started
2025-03-04 17:01:10 [http-nio-8080-exec-3] INFO  c.a.service.VehicleServiceImpl - Entering the search method with active=null and outCarPark=true
2025-03-04 17:01:10 [http-nio-8080-exec-3] DEBUG c.a.service.VehicleServiceImpl - Retrieving all cars
2025-03-04 17:01:11 [http-nio-8080-exec-3] DEBUG c.a.service.VehicleServiceImpl - Retrieving all motorcycles
2025-03-04 17:01:11 [http-nio-8080-exec-3] INFO  c.a.service.VehicleServiceImpl - Exiting the search method with 0 vehicles found
2025-03-04 17:01:14 [http-nio-8080-exec-4] INFO  c.a.service.VehicleServiceImpl - Entering the search method with active=null and outCarPark=false
2025-03-04 17:01:14 [http-nio-8080-exec-4] DEBUG c.a.service.VehicleServiceImpl - Retrieving all cars
2025-03-04 17:01:14 [http-nio-8080-exec-4] DEBUG c.a.service.VehicleServiceImpl - Retrieving all motorcycles
2025-03-04 17:01:14 [http-nio-8080-exec-4] INFO  c.a.service.VehicleServiceImpl - Exiting the search method with 1 vehicles found
2025-03-04 17:01:26 [http-nio-8080-exec-5] INFO  c.a.service.VehicleServiceImpl - Entering the search method with active=true and outCarPark=false
2025-03-04 17:01:26 [http-nio-8080-exec-5] DEBUG c.a.service.VehicleServiceImpl - Retrieving all cars
2025-03-04 17:01:26 [http-nio-8080-exec-5] DEBUG c.a.service.VehicleServiceImpl - Retrieving all motorcycles
2025-03-04 17:01:26 [http-nio-8080-exec-5] INFO  c.a.service.VehicleServiceImpl - Exiting the search method with 1 vehicles found
2025-03-04 17:01:30 [http-nio-8080-exec-6] INFO  c.a.service.VehicleServiceImpl - Entering the search method with active=false and outCarPark=false
2025-03-04 17:01:30 [http-nio-8080-exec-6] DEBUG c.a.service.VehicleServiceImpl - Retrieving all cars
2025-03-04 17:01:30 [http-nio-8080-exec-6] DEBUG c.a.service.VehicleServiceImpl - Retrieving all motorcycles
2025-03-04 17:01:30 [http-nio-8080-exec-6] INFO  c.a.service.VehicleServiceImpl - Exiting the search method with 0 vehicles found
